{"D:\\Practice\\namaste-react\\src\\Contact.js": {"path":"D:\\Practice\\namaste-react\\src\\Contact.js","statementMap":{"0":{"start":{"line":1,"column":16},"end":{"line":27,"column":1}},"1":{"start":{"line":2,"column":2},"end":{"line":26,"column":4}}},"fnMap":{"0":{"name":"(anonymous_0)","decl":{"start":{"line":1,"column":16},"end":{"line":1,"column":17}},"loc":{"start":{"line":1,"column":22},"end":{"line":27,"column":1}},"line":1}},"branchMap":{},"s":{"0":1,"1":4},"f":{"0":4},"b":{},"_coverageSchema":"1a1c01bbd47fc00a2c39e90264f33305004495a9","hash":"7319a5819645bffeaea9824ab7b65e2230a81da7"}
,"D:\\Practice\\namaste-react\\src\\Header.js": {"path":"D:\\Practice\\namaste-react\\src\\Header.js","statementMap":{"0":{"start":{"line":9,"column":15},"end":{"line":65,"column":1}},"1":{"start":{"line":10,"column":38},"end":{"line":10,"column":55}},"2":{"start":{"line":11,"column":23},"end":{"line":11,"column":40}},"3":{"start":{"line":12,"column":27},"end":{"line":12,"column":50}},"4":{"start":{"line":19,"column":20},"end":{"line":19,"column":60}},"5":{"start":{"line":19,"column":43},"end":{"line":19,"column":59}},"6":{"start":{"line":22,"column":2},"end":{"line":64,"column":4}},"7":{"start":{"line":53,"column":16},"end":{"line":55,"column":44}}},"fnMap":{"0":{"name":"(anonymous_0)","decl":{"start":{"line":9,"column":15},"end":{"line":9,"column":16}},"loc":{"start":{"line":9,"column":21},"end":{"line":65,"column":1}},"line":9},"1":{"name":"(anonymous_1)","decl":{"start":{"line":19,"column":32},"end":{"line":19,"column":33}},"loc":{"start":{"line":19,"column":43},"end":{"line":19,"column":59}},"line":19},"2":{"name":"(anonymous_2)","decl":{"start":{"line":52,"column":23},"end":{"line":52,"column":24}},"loc":{"start":{"line":52,"column":29},"end":{"line":56,"column":15}},"line":52}},"branchMap":{"0":{"loc":{"start":{"line":32,"column":30},"end":{"line":32,"column":54}},"type":"cond-expr","locations":[{"start":{"line":32,"column":45},"end":{"line":32,"column":48}},{"start":{"line":32,"column":51},"end":{"line":32,"column":54}}],"line":32},"1":{"loc":{"start":{"line":53,"column":16},"end":{"line":55,"column":43}},"type":"cond-expr","locations":[{"start":{"line":54,"column":20},"end":{"line":54,"column":42}},{"start":{"line":55,"column":20},"end":{"line":55,"column":43}}],"line":53}},"s":{"0":1,"1":5,"2":5,"3":5,"4":5,"5":9,"6":5,"7":1},"f":{"0":5,"1":9,"2":1},"b":{"0":[5,0],"1":[0,1]},"_coverageSchema":"1a1c01bbd47fc00a2c39e90264f33305004495a9","hash":"c92a361159ca1045dd134f4df715ba09cdf19c51"}
,"D:\\Practice\\namaste-react\\src\\JavascriptForTesting.js": {"path":"D:\\Practice\\namaste-react\\src\\JavascriptForTesting.js","statementMap":{"0":{"start":{"line":1,"column":19},"end":{"line":3,"column":1}},"1":{"start":{"line":2,"column":4},"end":{"line":2,"column":17}}},"fnMap":{"0":{"name":"(anonymous_0)","decl":{"start":{"line":1,"column":19},"end":{"line":1,"column":20}},"loc":{"start":{"line":1,"column":29},"end":{"line":3,"column":1}},"line":1}},"branchMap":{},"s":{"0":1,"1":1},"f":{"0":1},"b":{},"_coverageSchema":"1a1c01bbd47fc00a2c39e90264f33305004495a9","hash":"c75dcb756796b2c4d7eddb893d21f8ed2886cee0"}
,"D:\\Practice\\namaste-react\\src\\RestaurantCard.js": {"path":"D:\\Practice\\namaste-react\\src\\RestaurantCard.js","statementMap":{"0":{"start":{"line":3,"column":23},"end":{"line":22,"column":3}},"1":{"start":{"line":4,"column":24},"end":{"line":4,"column":29}},"2":{"start":{"line":5,"column":76},"end":{"line":5,"column":83}},"3":{"start":{"line":7,"column":4},"end":{"line":7,"column":36}},"4":{"start":{"line":9,"column":4},"end":{"line":21,"column":6}},"5":{"start":{"line":24,"column":35},"end":{"line":33,"column":3}},"6":{"start":{"line":25,"column":4},"end":{"line":32,"column":5}},"7":{"start":{"line":26,"column":6},"end":{"line":31,"column":8}}},"fnMap":{"0":{"name":"(anonymous_0)","decl":{"start":{"line":3,"column":23},"end":{"line":3,"column":24}},"loc":{"start":{"line":3,"column":34},"end":{"line":22,"column":3}},"line":3},"1":{"name":"(anonymous_1)","decl":{"start":{"line":24,"column":35},"end":{"line":24,"column":36}},"loc":{"start":{"line":24,"column":41},"end":{"line":33,"column":3}},"line":24},"2":{"name":"(anonymous_2)","decl":{"start":{"line":25,"column":11},"end":{"line":25,"column":12}},"loc":{"start":{"line":25,"column":22},"end":{"line":32,"column":5}},"line":25}},"branchMap":{},"s":{"0":1,"1":1,"2":1,"3":1,"4":1,"5":1,"6":0,"7":0},"f":{"0":1,"1":0,"2":0},"b":{},"_coverageSchema":"1a1c01bbd47fc00a2c39e90264f33305004495a9","hash":"d9ec86e195756899127c54e91e5539e0c788da3c"}
,"D:\\Practice\\namaste-react\\utils\\appStore.js": {"path":"D:\\Practice\\namaste-react\\utils\\appStore.js","statementMap":{"0":{"start":{"line":4,"column":17},"end":{"line":7,"column":3}}},"fnMap":{},"branchMap":{},"s":{"0":1},"f":{},"b":{},"_coverageSchema":"1a1c01bbd47fc00a2c39e90264f33305004495a9","hash":"1dddc2e1f55c0636aacab4b1d11948461e59ca1d"}
,"D:\\Practice\\namaste-react\\utils\\cartSlice.js": {"path":"D:\\Practice\\namaste-react\\utils\\cartSlice.js","statementMap":{"0":{"start":{"line":3,"column":18},"end":{"line":26,"column":2}},"1":{"start":{"line":11,"column":6},"end":{"line":11,"column":39}},"2":{"start":{"line":14,"column":6},"end":{"line":14,"column":24}},"3":{"start":{"line":23,"column":6},"end":{"line":23,"column":24}},"4":{"start":{"line":28,"column":50},"end":{"line":28,"column":67}}},"fnMap":{"0":{"name":"(anonymous_0)","decl":{"start":{"line":9,"column":13},"end":{"line":9,"column":14}},"loc":{"start":{"line":9,"column":32},"end":{"line":12,"column":5}},"line":9},"1":{"name":"(anonymous_1)","decl":{"start":{"line":13,"column":16},"end":{"line":13,"column":17}},"loc":{"start":{"line":13,"column":27},"end":{"line":15,"column":5}},"line":13},"2":{"name":"(anonymous_2)","decl":{"start":{"line":17,"column":15},"end":{"line":17,"column":16}},"loc":{"start":{"line":17,"column":26},"end":{"line":24,"column":5}},"line":17}},"branchMap":{},"s":{"0":1,"1":0,"2":0,"3":0,"4":1},"f":{"0":0,"1":0,"2":0},"b":{},"_coverageSchema":"1a1c01bbd47fc00a2c39e90264f33305004495a9","hash":"10d40f020218a305d1fe2f4e91f6977ecbe37c76"}
,"D:\\Practice\\namaste-react\\utils\\constants.js": {"path":"D:\\Practice\\namaste-react\\utils\\constants.js","statementMap":{"0":{"start":{"line":1,"column":24},"end":{"line":1,"column":107}},"1":{"start":{"line":2,"column":24},"end":{"line":2,"column":181}},"2":{"start":{"line":3,"column":30},"end":{"line":3,"column":137}},"3":{"start":{"line":4,"column":35},"end":{"line":4,"column":154}}},"fnMap":{},"branchMap":{},"s":{"0":2,"1":2,"2":2,"3":2},"f":{},"b":{},"_coverageSchema":"1a1c01bbd47fc00a2c39e90264f33305004495a9","hash":"26b6f31592746f568b5baf72f45778ed68c13e9f"}
,"D:\\Practice\\namaste-react\\utils\\useOnlineStatus.js": {"path":"D:\\Practice\\namaste-react\\utils\\useOnlineStatus.js","statementMap":{"0":{"start":{"line":3,"column":24},"end":{"line":16,"column":1}},"1":{"start":{"line":4,"column":44},"end":{"line":4,"column":58}},"2":{"start":{"line":6,"column":4},"end":{"line":14,"column":10}},"3":{"start":{"line":7,"column":9},"end":{"line":9,"column":11}},"4":{"start":{"line":8,"column":12},"end":{"line":8,"column":35}},"5":{"start":{"line":11,"column":8},"end":{"line":13,"column":11}},"6":{"start":{"line":12,"column":12},"end":{"line":12,"column":34}},"7":{"start":{"line":15,"column":4},"end":{"line":15,"column":24}}},"fnMap":{"0":{"name":"(anonymous_0)","decl":{"start":{"line":3,"column":24},"end":{"line":3,"column":25}},"loc":{"start":{"line":3,"column":30},"end":{"line":16,"column":1}},"line":3},"1":{"name":"(anonymous_1)","decl":{"start":{"line":6,"column":14},"end":{"line":6,"column":15}},"loc":{"start":{"line":6,"column":20},"end":{"line":14,"column":5}},"line":6},"2":{"name":"(anonymous_2)","decl":{"start":{"line":7,"column":44},"end":{"line":7,"column":45}},"loc":{"start":{"line":7,"column":50},"end":{"line":9,"column":9}},"line":7},"3":{"name":"(anonymous_3)","decl":{"start":{"line":11,"column":42},"end":{"line":11,"column":43}},"loc":{"start":{"line":11,"column":48},"end":{"line":13,"column":9}},"line":11}},"branchMap":{},"s":{"0":1,"1":5,"2":5,"3":4,"4":0,"5":4,"6":0,"7":5},"f":{"0":5,"1":4,"2":0,"3":0},"b":{},"_coverageSchema":"1a1c01bbd47fc00a2c39e90264f33305004495a9","hash":"70fac3cee38d0e7ba8ca52cd720b5e040ba86e2b"}
,"D:\\Practice\\namaste-react\\utils\\userContext.js": {"path":"D:\\Practice\\namaste-react\\utils\\userContext.js","statementMap":{"0":{"start":{"line":2,"column":20},"end":{"line":4,"column":2}}},"fnMap":{},"branchMap":{},"s":{"0":1},"f":{},"b":{},"_coverageSchema":"1a1c01bbd47fc00a2c39e90264f33305004495a9","hash":"1b88a355b9265ef6be5e125b54090bf2befd8ae3"}
}
